#
# There is insufficient memory for the Java Runtime Environment to continue.
# Native memory allocation (malloc) failed to allocate 1340976 bytes for Chunk::new
# Possible reasons:
#   The system is out of physical RAM or swap space
#   The process is running with CompressedOops enabled, and the Java Heap may be blocking the growth of the native heap
# Possible solutions:
#   Reduce memory load on the system
#   Increase physical memory or swap space
#   Check if swap backing store is full
#   Decrease Java heap size (-Xmx/-Xms)
#   Decrease number of Java threads
#   Decrease Java thread stack sizes (-Xss)
#   Set larger code cache with -XX:ReservedCodeCacheSize=
#   JVM is running with Unscaled Compressed Oops mode in which the Java heap is
#     placed in the first 4GB address space. The Java Heap base address is the
#     maximum limit for the native heap growth. Please use -XX:HeapBaseMinAddress
#     to set the Java Heap base and to place the Java Heap above 4GB virtual address.
# This output file may be truncated or incomplete.
#
#  Out of Memory Error (./src/hotspot/share/memory/arena.cpp:197), pid=18744, tid=268
#
# JRE version: OpenJDK Runtime Environment Microsoft-7208460 (11.0.18+10) (build 11.0.18+10-LTS)
# Java VM: OpenJDK 64-Bit Server VM Microsoft-7208460 (11.0.18+10-LTS, mixed mode, tiered, compressed oops, g1 gc, windows-amd64)
# No core dump will be written. Minidumps are not enabled by default on client versions of Windows
#

---------------  S U M M A R Y ------------

Command Line: -XX:MaxMetaspaceSize=512m --add-opens=java.base/java.util=ALL-UNNAMED --add-opens=java.base/java.lang=ALL-UNNAMED --add-opens=java.base/java.lang.invoke=ALL-UNNAMED --add-opens=java.base/java.util=ALL-UNNAMED --add-opens=java.prefs/java.util.prefs=ALL-UNNAMED --add-opens=java.prefs/java.util.prefs=ALL-UNNAMED --add-opens=java.base/java.nio.charset=ALL-UNNAMED --add-opens=java.base/java.net=ALL-UNNAMED --add-opens=java.base/java.util.concurrent.atomic=ALL-UNNAMED -Xmx2048m -Dfile.encoding=windows-1252 -Duser.country=US -Duser.language=en -Duser.variant org.gradle.launcher.daemon.bootstrap.GradleDaemon 7.5.1

Host: Intel(R) Core(TM) i5-8250U CPU @ 1.60GHz, 8 cores, 3G,  Windows 10 , 64 bit Build 19041 (10.0.19041.3031)
Time: Mon Jul 10 13:39:41 2023 Sri Lanka Standard Time elapsed time: 217.995326 seconds (0d 0h 3m 37s)

---------------  T H R E A D  ---------------

Current thread (0x000002d0d8e4a000):  JavaThread "C2 CompilerThread0" daemon [_thread_in_native, id=268, stack(0x000000fb3b900000,0x000000fb3ba00000)]


Current CompileTask:
C2: 217995 8557       4       org.gradle.internal.instantiation.generator.AbstractClassGenerator::inspectType (560 bytes)

Stack: [0x000000fb3b900000,0x000000fb3ba00000]
Native frames: (J=compiled Java code, j=interpreted, Vv=VM code, C=native code)
V  [jvm.dll+0x62bf8a]
V  [jvm.dll+0x7b8fb9]
V  [jvm.dll+0x7ba6a8]
V  [jvm.dll+0x7bad83]
V  [jvm.dll+0x250248]
V  [jvm.dll+0xc260c]
V  [jvm.dll+0xc2bcc]
V  [jvm.dll+0x2c4e64]
V  [jvm.dll+0x533dcc]
V  [jvm.dll+0x21177b]
V  [jvm.dll+0x20b39a]
V  [jvm.dll+0x2083eb]
V  [jvm.dll+0x18a4b1]
V  [jvm.dll+0x217eec]
V  [jvm.dll+0x21612b]
V  [jvm.dll+0x77bac0]
V  [jvm.dll+0x7749f4]
V  [jvm.dll+0x62adf5]
C  [ucrtbase.dll+0x21bb2]
C  [KERNEL32.DLL+0x17614]
C  [ntdll.dll+0x526f1]


---------------  P R O C E S S  ---------------

Threads class SMR info:
_java_thread_list=0x000002d0dd95b040, length=135, elements={
0x000002d0b9d34000, 0x000002d0d8def800, 0x000002d0d8de8800, 0x000002d0d8e43000,
0x000002d0d8e45000, 0x000002d0d8e46000, 0x000002d0d8e4a000, 0x000002d0d8e4b800,
0x000002d0d8e52800, 0x000002d0d98c0000, 0x000002d0db7f4000, 0x000002d0da509800,
0x000002d0dabdf800, 0x000002d0daa0f800, 0x000002d0da828800, 0x000002d0da4c2000,
0x000002d0dbd50000, 0x000002d0da7d1000, 0x000002d0da9e7800, 0x000002d0da9e8800,
0x000002d0dba35000, 0x000002d0dba39000, 0x000002d0dba3a000, 0x000002d0dba37800,
0x000002d0dba34800, 0x000002d0dba36000, 0x000002d0dba38800, 0x000002d0dba3b000,
0x000002d0db288800, 0x000002d0db287000, 0x000002d0db28b000, 0x000002d0db28c000,
0x000002d0db286000, 0x000002d0db28a000, 0x000002d0db28d800, 0x000002d0db288000,
0x000002d0db28f000, 0x000002d0db290000, 0x000002d0db291000, 0x000002d0db291800,
0x000002d0db292800, 0x000002d0db28c800, 0x000002d0db293000, 0x000002d0db294000,
0x000002d0db28e800, 0x000002d0db295000, 0x000002d0dba36800, 0x000002d0d9cb1000,
0x000002d0d9cac000, 0x000002d0d9cab000, 0x000002d0d9cae800, 0x000002d0d9cad800,
0x000002d0d9caf800, 0x000002d0d9cb1800, 0x000002d0d9cb0000, 0x000002d0d9cb2800,
0x000002d0d9cad000, 0x000002d0d9cb4000, 0x000002d0d9cb3800, 0x000002d0d9cb9000,
0x000002d0d9cb7800, 0x000002d0d9cba000, 0x000002d0d9cb5000, 0x000002d0d9cb6000,
0x000002d0d9cb6800, 0x000002d0d9cb8800, 0x000002d0e07bd000, 0x000002d0e07be800,
0x000002d0e07bd800, 0x000002d0e07c0000, 0x000002d0e07bf800, 0x000002d0e07c1000,
0x000002d0e07bc000, 0x000002d0e07c2000, 0x000002d0e07c8800, 0x000002d0e07c7800,
0x000002d0e07c3800, 0x000002d0e07c2800, 0x000002d0e07ca000, 0x000002d0e07c9000,
0x000002d0e07c4800, 0x000002d0e07cb000, 0x000002d0e07c5000, 0x000002d0e07c6000,
0x000002d0e07c6800, 0x000002d0e02a7000, 0x000002d0e02a3000, 0x000002d0e02a3800,
0x000002d0e02a2000, 0x000002d0e02aa000, 0x000002d0e02a9800, 0x000002d0e02a8800,
0x000002d0e02a6000, 0x000002d0e02a4800, 0x000002d0e02a8000, 0x000002d0e02ab000,
0x000002d0e02a5800, 0x000002d0e02ac000, 0x000002d0e02ac800, 0x000002d0e02b0000,
0x000002d0e02ad800, 0x000002d0e02ae800, 0x000002d0e02b1000, 0x000002d0e02af000,
0x000002d0dc0ff000, 0x000002d0dc103000, 0x000002d0dc0ff800, 0x000002d0dc100800,
0x000002d0dc101800, 0x000002d0dc102000, 0x000002d0dc104000, 0x000002d0dc0fe000,
0x000002d0dc104800, 0x000002d0dc106800, 0x000002d0dc10b000, 0x000002d0dc105800,
0x000002d0dc108000, 0x000002d0dc108800, 0x000002d0dc109800, 0x000002d0dc10d000,
0x000002d0dc10c000, 0x000002d0dc107000, 0x000002d0dc10a800, 0x000002d0db0d9800,
0x000002d0db0d6800, 0x000002d0db0d4000, 0x000002d0db0d7000, 0x000002d0db0da800,
0x000002d0db0d9000, 0x000002d0db0d4800, 0x000002d0db0db000, 0x000002d0db0d5800,
0x000002d0db0dc000, 0x000002d0db0dd800, 0x000002d0db0dd000
}

Java Threads: ( => current thread )
  0x000002d0b9d34000 JavaThread "main" [_thread_blocked, id=1596, stack(0x000000fb3ad00000,0x000000fb3ae00000)]
  0x000002d0d8def800 JavaThread "Reference Handler" daemon [_thread_blocked, id=5156, stack(0x000000fb3b400000,0x000000fb3b500000)]
  0x000002d0d8de8800 JavaThread "Finalizer" daemon [_thread_blocked, id=11688, stack(0x000000fb3b500000,0x000000fb3b600000)]
  0x000002d0d8e43000 JavaThread "Signal Dispatcher" daemon [_thread_blocked, id=20820, stack(0x000000fb3b600000,0x000000fb3b700000)]
  0x000002d0d8e45000 JavaThread "Attach Listener" daemon [_thread_blocked, id=5084, stack(0x000000fb3b700000,0x000000fb3b800000)]
  0x000002d0d8e46000 JavaThread "Service Thread" daemon [_thread_blocked, id=26132, stack(0x000000fb3b800000,0x000000fb3b900000)]
=>0x000002d0d8e4a000 JavaThread "C2 CompilerThread0" daemon [_thread_in_native, id=268, stack(0x000000fb3b900000,0x000000fb3ba00000)]
  0x000002d0d8e4b800 JavaThread "C1 CompilerThread0" daemon [_thread_blocked, id=11004, stack(0x000000fb3ba00000,0x000000fb3bb00000)]
  0x000002d0d8e52800 JavaThread "Sweeper thread" daemon [_thread_blocked, id=16932, stack(0x000000fb3bb00000,0x000000fb3bc00000)]
  0x000002d0d98c0000 JavaThread "Common-Cleaner" daemon [_thread_blocked, id=2756, stack(0x000000fb3bc00000,0x000000fb3bd00000)]
  0x000002d0db7f4000 JavaThread "Daemon health stats" [_thread_blocked, id=5032, stack(0x000000fb3bf00000,0x000000fb3c000000)]
  0x000002d0da509800 JavaThread "Incoming local TCP Connector on port 50570" [_thread_in_native, id=22232, stack(0x000000fb3c200000,0x000000fb3c300000)]
  0x000002d0dabdf800 JavaThread "Daemon periodic checks" [_thread_blocked, id=14088, stack(0x000000fb3c300000,0x000000fb3c400000)]
  0x000002d0daa0f800 JavaThread "Daemon" [_thread_blocked, id=20356, stack(0x000000fb3c400000,0x000000fb3c500000)]
  0x000002d0da828800 JavaThread "Handler for socket connection from /127.0.0.1:50570 to /127.0.0.1:50572" [_thread_in_native, id=10780, stack(0x000000fb3c500000,0x000000fb3c600000)]
  0x000002d0da4c2000 JavaThread "Cancel handler" [_thread_blocked, id=15272, stack(0x000000fb3c600000,0x000000fb3c700000)]
  0x000002d0dbd50000 JavaThread "Daemon worker" [_thread_in_vm, id=4920, stack(0x000000fb3c700000,0x000000fb3c800000)]
  0x000002d0da7d1000 JavaThread "Asynchronous log dispatcher for DefaultDaemonConnection: socket connection from /127.0.0.1:50570 to /127.0.0.1:50572" [_thread_blocked, id=6512, stack(0x000000fb3c800000,0x000000fb3c900000)]
  0x000002d0da9e7800 JavaThread "Stdin handler" [_thread_blocked, id=2792, stack(0x000000fb3c900000,0x000000fb3ca00000)]
  0x000002d0da9e8800 JavaThread "Daemon client event forwarder" [_thread_blocked, id=22804, stack(0x000000fb3ca00000,0x000000fb3cb00000)]
  0x000002d0dba35000 JavaThread "Cache worker for journal cache (C:\Users\HP\.gradle\caches\journal-1)" [_thread_blocked, id=22768, stack(0x000000fb3cb00000,0x000000fb3cc00000)]
  0x000002d0dba39000 JavaThread "File lock request listener" [_thread_in_native, id=13740, stack(0x000000fb3cc00000,0x000000fb3cd00000)]
  0x000002d0dba3a000 JavaThread "Cache worker for file hash cache (C:\Users\HP\.gradle\caches\7.5.1\fileHashes)" [_thread_blocked, id=6800, stack(0x000000fb3d200000,0x000000fb3d300000)]
  0x000002d0dba37800 JavaThread "File watcher server" daemon [_thread_in_native, id=14812, stack(0x000000fb3d400000,0x000000fb3d500000)]
  0x000002d0dba34800 JavaThread "File watcher consumer" daemon [_thread_blocked, id=9740, stack(0x000000fb3d500000,0x000000fb3d600000)]
  0x000002d0dba36000 JavaThread "Cache worker for checksums cache (F:\HOTCAT Technologies\REACT NATIVE\adiya-mobile-app\android\.gradle\7.5.1\checksums)" [_thread_blocked, id=23192, stack(0x000000fb3d600000,0x000000fb3d700000)]
  0x000002d0dba38800 JavaThread "Cache worker for cache directory md-rule (C:\Users\HP\.gradle\caches\7.5.1\md-rule)" [_thread_blocked, id=26104, stack(0x000000fb3d700000,0x000000fb3d800000)]
  0x000002d0dba3b000 JavaThread "Cache worker for file content cache (C:\Users\HP\.gradle\caches\7.5.1\fileContent)" [_thread_blocked, id=14888, stack(0x000000fb3d800000,0x000000fb3d900000)]
  0x000002d0db288800 JavaThread "Cache worker for file hash cache (F:\HOTCAT Technologies\REACT NATIVE\adiya-mobile-app\android\.gradle\7.5.1\fileHashes)" [_thread_blocked, id=2240, stack(0x000000fb3d900000,0x000000fb3da00000)]
  0x000002d0db287000 JavaThread "Cache worker for cache directory md-supplier (C:\Users\HP\.gradle\caches\7.5.1\md-supplier)" [_thread_blocked, id=24408, stack(0x000000fb3da00000,0x000000fb3db00000)]
  0x000002d0db28b000 JavaThread "Cache worker for execution history cache (C:\Users\HP\.gradle\caches\7.5.1\executionHistory)" [_thread_blocked, id=17888, stack(0x000000fb3db00000,0x000000fb3dc00000)]
  0x000002d0db28c000 JavaThread "jar transforms" [_thread_blocked, id=9008, stack(0x000000fb3dc00000,0x000000fb3dd00000)]
  0x000002d0db286000 JavaThread "jar transforms Thread 2" [_thread_blocked, id=12120, stack(0x000000fb3dd00000,0x000000fb3de00000)]
  0x000002d0db28a000 JavaThread "jar transforms Thread 3" [_thread_blocked, id=16916, stack(0x000000fb3de00000,0x000000fb3df00000)]
  0x000002d0db28d800 JavaThread "jar transforms Thread 4" [_thread_blocked, id=26064, stack(0x000000fb3df00000,0x000000fb3e000000)]
  0x000002d0db288000 JavaThread "Cache worker for kotlin-dsl (C:\Users\HP\.gradle\caches\7.5.1\kotlin-dsl)" [_thread_blocked, id=21432, stack(0x000000fb3aa00000,0x000000fb3ab00000)]
  0x000002d0db28f000 JavaThread "File lock release action executor Thread 2" [_thread_blocked, id=19400, stack(0x000000fb3ab00000,0x000000fb3ac00000)]
  0x000002d0db290000 JavaThread "jar transforms Thread 5" [_thread_blocked, id=16244, stack(0x000000fb3cd00000,0x000000fb3ce00000)]
  0x000002d0db291000 JavaThread "jar transforms Thread 6" [_thread_blocked, id=20176, stack(0x000000fb3e000000,0x000000fb3e100000)]
  0x000002d0db291800 JavaThread "Cache worker for dependencies-accessors (F:\HOTCAT Technologies\REACT NATIVE\adiya-mobile-app\android\.gradle\7.5.1\dependencies-accessors)" [_thread_blocked, id=14892, stack(0x000000fb3e100000,0x000000fb3e200000)]
  0x000002d0db292800 JavaThread "Cache worker for Build Output Cleanup Cache (F:\HOTCAT Technologies\REACT NATIVE\adiya-mobile-app\node_modules\react-native-gradle-plugin\.gradle\buildOutputCleanup)" [_thread_blocked, id=884, stack(0x000000fb3e200000,0x000000fb3e300000)]
  0x000002d0db28c800 JavaThread "jar transforms Thread 7" [_thread_blocked, id=26496, stack(0x000000fb3e300000,0x000000fb3e400000)]
  0x000002d0db293000 JavaThread "Unconstrained build operations" [_thread_blocked, id=10704, stack(0x000000fb3e400000,0x000000fb3e500000)]
  0x000002d0db294000 JavaThread "Unconstrained build operations Thread 2" [_thread_blocked, id=20204, stack(0x000000fb3e500000,0x000000fb3e600000)]
  0x000002d0db28e800 JavaThread "Unconstrained build operations Thread 3" [_thread_blocked, id=16636, stack(0x000000fb3e600000,0x000000fb3e700000)]
  0x000002d0db295000 JavaThread "Unconstrained build operations Thread 4" [_thread_blocked, id=8208, stack(0x000000fb3e700000,0x000000fb3e800000)]
  0x000002d0dba36800 JavaThread "Unconstrained build operations Thread 5" [_thread_blocked, id=25328, stack(0x000000fb3e800000,0x000000fb3e900000)]
  0x000002d0d9cb1000 JavaThread "Unconstrained build operations Thread 6" [_thread_blocked, id=10252, stack(0x000000fb3e900000,0x000000fb3ea00000)]
  0x000002d0d9cac000 JavaThread "Unconstrained build operations Thread 7" [_thread_blocked, id=9716, stack(0x000000fb3ea00000,0x000000fb3eb00000)]
  0x000002d0d9cab000 JavaThread "Unconstrained build operations Thread 8" [_thread_blocked, id=25972, stack(0x000000fb3eb00000,0x000000fb3ec00000)]
  0x000002d0d9cae800 JavaThread "Unconstrained build operations Thread 9" [_thread_blocked, id=19216, stack(0x000000fb3ec00000,0x000000fb3ed00000)]
  0x000002d0d9cad800 JavaThread "Unconstrained build operations Thread 10" [_thread_blocked, id=5748, stack(0x000000fb3ed00000,0x000000fb3ee00000)]
  0x000002d0d9caf800 JavaThread "Unconstrained build operations Thread 11" [_thread_blocked, id=13788, stack(0x000000fb3ee00000,0x000000fb3ef00000)]
  0x000002d0d9cb1800 JavaThread "Unconstrained build operations Thread 12" [_thread_blocked, id=17356, stack(0x000000fb3ef00000,0x000000fb3f000000)]
  0x000002d0d9cb0000 JavaThread "Unconstrained build operations Thread 13" [_thread_blocked, id=19728, stack(0x000000fb3f000000,0x000000fb3f100000)]
  0x000002d0d9cb2800 JavaThread "Unconstrained build operations Thread 14" [_thread_blocked, id=14864, stack(0x000000fb3f100000,0x000000fb3f200000)]
  0x000002d0d9cad000 JavaThread "Unconstrained build operations Thread 15" [_thread_blocked, id=23164, stack(0x000000fb3f200000,0x000000fb3f300000)]
  0x000002d0d9cb4000 JavaThread "Unconstrained build operations Thread 16" [_thread_blocked, id=16620, stack(0x000000fb3f300000,0x000000fb3f400000)]
  0x000002d0d9cb3800 JavaThread "Unconstrained build operations Thread 17" [_thread_blocked, id=5472, stack(0x000000fb3f400000,0x000000fb3f500000)]
  0x000002d0d9cb9000 JavaThread "Unconstrained build operations Thread 18" [_thread_blocked, id=6316, stack(0x000000fb3f500000,0x000000fb3f600000)]
  0x000002d0d9cb7800 JavaThread "Unconstrained build operations Thread 19" [_thread_blocked, id=26448, stack(0x000000fb3f600000,0x000000fb3f700000)]
  0x000002d0d9cba000 JavaThread "Unconstrained build operations Thread 20" [_thread_blocked, id=1532, stack(0x000000fb3f700000,0x000000fb3f800000)]
  0x000002d0d9cb5000 JavaThread "Unconstrained build operations Thread 21" [_thread_blocked, id=6796, stack(0x000000fb3f800000,0x000000fb3f900000)]
  0x000002d0d9cb6000 JavaThread "Unconstrained build operations Thread 22" [_thread_blocked, id=15132, stack(0x000000fb3f900000,0x000000fb3fa00000)]
  0x000002d0d9cb6800 JavaThread "Unconstrained build operations Thread 23" [_thread_blocked, id=11044, stack(0x000000fb3fa00000,0x000000fb3fb00000)]
  0x000002d0d9cb8800 JavaThread "Unconstrained build operations Thread 24" [_thread_blocked, id=1816, stack(0x000000fb3fb00000,0x000000fb3fc00000)]
  0x000002d0e07bd000 JavaThread "Unconstrained build operations Thread 25" [_thread_blocked, id=13232, stack(0x000000fb3fc00000,0x000000fb3fd00000)]
  0x000002d0e07be800 JavaThread "Unconstrained build operations Thread 26" [_thread_blocked, id=2536, stack(0x000000fb3fd00000,0x000000fb3fe00000)]
  0x000002d0e07bd800 JavaThread "Unconstrained build operations Thread 27" [_thread_blocked, id=10908, stack(0x000000fb3fe00000,0x000000fb3ff00000)]
  0x000002d0e07c0000 JavaThread "Unconstrained build operations Thread 28" [_thread_blocked, id=23136, stack(0x000000fb3ff00000,0x000000fb40000000)]
  0x000002d0e07bf800 JavaThread "Unconstrained build operations Thread 29" [_thread_blocked, id=20268, stack(0x000000fb40000000,0x000000fb40100000)]
  0x000002d0e07c1000 JavaThread "Unconstrained build operations Thread 30" [_thread_blocked, id=21576, stack(0x000000fb40100000,0x000000fb40200000)]
  0x000002d0e07bc000 JavaThread "Unconstrained build operations Thread 31" [_thread_blocked, id=6552, stack(0x000000fb40200000,0x000000fb40300000)]
  0x000002d0e07c2000 JavaThread "Unconstrained build operations Thread 32" [_thread_blocked, id=4272, stack(0x000000fb40300000,0x000000fb40400000)]
  0x000002d0e07c8800 JavaThread "Unconstrained build operations Thread 33" [_thread_blocked, id=4848, stack(0x000000fb40400000,0x000000fb40500000)]
  0x000002d0e07c7800 JavaThread "jar transforms Thread 8" [_thread_blocked, id=10056, stack(0x000000fb40500000,0x000000fb40600000)]
  0x000002d0e07c3800 JavaThread "build event listener" [_thread_blocked, id=3252, stack(0x000000fb40600000,0x000000fb40700000)]
  0x000002d0e07c2800 JavaThread "Memory manager" [_thread_blocked, id=22360, stack(0x000000fb40700000,0x000000fb40800000)]
  0x000002d0e07ca000 JavaThread "Cache worker for Build Output Cleanup Cache (F:\HOTCAT Technologies\REACT NATIVE\adiya-mobile-app\android\.gradle\buildOutputCleanup)" [_thread_blocked, id=2312, stack(0x000000fb3ac00000,0x000000fb3ad00000)]
  0x000002d0e07c9000 JavaThread "included builds" [_thread_blocked, id=17172, stack(0x000000fb40800000,0x000000fb40900000)]
  0x000002d0e07c4800 JavaThread "Execution worker" [_thread_blocked, id=18524, stack(0x000000fb40900000,0x000000fb40a00000)]
  0x000002d0e07cb000 JavaThread "Execution worker Thread 2" [_thread_blocked, id=25780, stack(0x000000fb40a00000,0x000000fb40b00000)]
  0x000002d0e07c5000 JavaThread "Execution worker Thread 3" [_thread_blocked, id=16300, stack(0x000000fb40b00000,0x000000fb40c00000)]
  0x000002d0e07c6000 JavaThread "Execution worker Thread 4" [_thread_blocked, id=13148, stack(0x000000fb40c00000,0x000000fb40d00000)]
  0x000002d0e07c6800 JavaThread "Execution worker Thread 5" [_thread_blocked, id=13248, stack(0x000000fb40d00000,0x000000fb40e00000)]
  0x000002d0e02a7000 JavaThread "Execution worker Thread 6" [_thread_blocked, id=24164, stack(0x000000fb40e00000,0x000000fb40f00000)]
  0x000002d0e02a3000 JavaThread "Execution worker Thread 7" [_thread_blocked, id=16240, stack(0x000000fb40f00000,0x000000fb41000000)]
  0x000002d0e02a3800 JavaThread "Cache worker for execution history cache (F:\HOTCAT Technologies\REACT NATIVE\adiya-mobile-app\node_modules\react-native-gradle-plugin\.gradle\7.5.1\executionHistory)" [_thread_blocked, id=1396, stack(0x000000fb41000000,0x000000fb41100000)]
  0x000002d0e02a2000 JavaThread "Unconstrained build operations Thread 34" [_thread_blocked, id=2512, stack(0x000000fb41100000,0x000000fb41200000)]
  0x000002d0e02aa000 JavaThread "Unconstrained build operations Thread 35" [_thread_blocked, id=19272, stack(0x000000fb41200000,0x000000fb41300000)]
  0x000002d0e02a9800 JavaThread "Unconstrained build operations Thread 36" [_thread_blocked, id=26508, stack(0x000000fb41300000,0x000000fb41400000)]
  0x000002d0e02a8800 JavaThread "Unconstrained build operations Thread 37" [_thread_blocked, id=22940, stack(0x000000fb41400000,0x000000fb41500000)]
  0x000002d0e02a6000 JavaThread "Unconstrained build operations Thread 38" [_thread_blocked, id=4352, stack(0x000000fb41500000,0x000000fb41600000)]
  0x000002d0e02a4800 JavaThread "Unconstrained build operations Thread 39" [_thread_blocked, id=20724, stack(0x000000fb41600000,0x000000fb41700000)]
  0x000002d0e02a8000 JavaThread "Unconstrained build operations Thread 40" [_thread_blocked, id=13652, stack(0x000000fb41700000,0x000000fb41800000)]
  0x000002d0e02ab000 JavaThread "Unconstrained build operations Thread 41" [_thread_blocked, id=15176, stack(0x000000fb41800000,0x000000fb41900000)]
  0x000002d0e02a5800 JavaThread "Unconstrained build operations Thread 42" [_thread_blocked, id=14236, stack(0x000000fb41900000,0x000000fb41a00000)]
  0x000002d0e02ac000 JavaThread "Unconstrained build operations Thread 43" [_thread_blocked, id=14340, stack(0x000000fb41a00000,0x000000fb41b00000)]
  0x000002d0e02ac800 JavaThread "Unconstrained build operations Thread 44" [_thread_blocked, id=16108, stack(0x000000fb41b00000,0x000000fb41c00000)]
  0x000002d0e02b0000 JavaThread "Unconstrained build operations Thread 45" [_thread_blocked, id=20784, stack(0x000000fb41c00000,0x000000fb41d00000)]
  0x000002d0e02ad800 JavaThread "Unconstrained build operations Thread 46" [_thread_blocked, id=18828, stack(0x000000fb41d00000,0x000000fb41e00000)]
  0x000002d0e02ae800 JavaThread "Unconstrained build operations Thread 47" [_thread_blocked, id=22480, stack(0x000000fb41e00000,0x000000fb41f00000)]
  0x000002d0e02b1000 JavaThread "Unconstrained build operations Thread 48" [_thread_blocked, id=22084, stack(0x000000fb41f00000,0x000000fb42000000)]
  0x000002d0e02af000 JavaThread "Unconstrained build operations Thread 49" [_thread_blocked, id=19960, stack(0x000000fb42000000,0x000000fb42100000)]
  0x000002d0dc0ff000 JavaThread "Unconstrained build operations Thread 50" [_thread_blocked, id=7800, stack(0x000000fb42100000,0x000000fb42200000)]
  0x000002d0dc103000 JavaThread "Unconstrained build operations Thread 51" [_thread_blocked, id=20392, stack(0x000000fb42200000,0x000000fb42300000)]
  0x000002d0dc0ff800 JavaThread "Unconstrained build operations Thread 52" [_thread_blocked, id=4416, stack(0x000000fb42300000,0x000000fb42400000)]
  0x000002d0dc100800 JavaThread "Unconstrained build operations Thread 53" [_thread_blocked, id=21388, stack(0x000000fb42400000,0x000000fb42500000)]
  0x000002d0dc101800 JavaThread "Unconstrained build operations Thread 54" [_thread_blocked, id=7308, stack(0x000000fb42500000,0x000000fb42600000)]
  0x000002d0dc102000 JavaThread "Unconstrained build operations Thread 55" [_thread_blocked, id=25480, stack(0x000000fb42600000,0x000000fb42700000)]
  0x000002d0dc104000 JavaThread "Unconstrained build operations Thread 56" [_thread_blocked, id=12376, stack(0x000000fb42700000,0x000000fb42800000)]
  0x000002d0dc0fe000 JavaThread "Unconstrained build operations Thread 57" [_thread_blocked, id=12768, stack(0x000000fb42800000,0x000000fb42900000)]
  0x000002d0dc104800 JavaThread "Unconstrained build operations Thread 58" [_thread_blocked, id=9764, stack(0x000000fb42900000,0x000000fb42a00000)]
  0x000002d0dc106800 JavaThread "Unconstrained build operations Thread 59" [_thread_blocked, id=7668, stack(0x000000fb42a00000,0x000000fb42b00000)]
  0x000002d0dc10b000 JavaThread "Unconstrained build operations Thread 60" [_thread_blocked, id=20672, stack(0x000000fb42b00000,0x000000fb42c00000)]
  0x000002d0dc105800 JavaThread "Unconstrained build operations Thread 61" [_thread_blocked, id=14832, stack(0x000000fb42c00000,0x000000fb42d00000)]
  0x000002d0dc108000 JavaThread "Unconstrained build operations Thread 62" [_thread_blocked, id=13164, stack(0x000000fb42d00000,0x000000fb42e00000)]
  0x000002d0dc108800 JavaThread "Unconstrained build operations Thread 63" [_thread_blocked, id=7556, stack(0x000000fb42e00000,0x000000fb42f00000)]
  0x000002d0dc109800 JavaThread "Unconstrained build operations Thread 64" [_thread_blocked, id=15308, stack(0x000000fb42f00000,0x000000fb43000000)]
  0x000002d0dc10d000 JavaThread "Unconstrained build operations Thread 65" [_thread_blocked, id=8840, stack(0x000000fb43000000,0x000000fb43100000)]
  0x000002d0dc10c000 JavaThread "Unconstrained build operations Thread 66" [_thread_blocked, id=22816, stack(0x000000fb43100000,0x000000fb43200000)]
  0x000002d0dc107000 JavaThread "Unconstrained build operations Thread 67" [_thread_blocked, id=25204, stack(0x000000fb43200000,0x000000fb43300000)]
  0x000002d0dc10a800 JavaThread "Unconstrained build operations Thread 68" [_thread_blocked, id=3416, stack(0x000000fb43300000,0x000000fb43400000)]
  0x000002d0db0d9800 JavaThread "Unconstrained build operations Thread 69" [_thread_blocked, id=15480, stack(0x000000fb43400000,0x000000fb43500000)]
  0x000002d0db0d6800 JavaThread "Unconstrained build operations Thread 70" [_thread_blocked, id=1684, stack(0x000000fb43500000,0x000000fb43600000)]
  0x000002d0db0d4000 JavaThread "Unconstrained build operations Thread 71" [_thread_blocked, id=11352, stack(0x000000fb43600000,0x000000fb43700000)]
  0x000002d0db0d7000 JavaThread "Unconstrained build operations Thread 72" [_thread_blocked, id=24748, stack(0x000000fb43700000,0x000000fb43800000)]
  0x000002d0db0da800 JavaThread "Unconstrained build operations Thread 73" [_thread_blocked, id=16952, stack(0x000000fb43800000,0x000000fb43900000)]
  0x000002d0db0d9000 JavaThread "Unconstrained build operations Thread 74" [_thread_blocked, id=25684, stack(0x000000fb43900000,0x000000fb43a00000)]
  0x000002d0db0d4800 JavaThread "Unconstrained build operations Thread 75" [_thread_blocked, id=24936, stack(0x000000fb43a00000,0x000000fb43b00000)]
  0x000002d0db0db000 JavaThread "Unconstrained build operations Thread 76" [_thread_blocked, id=2424, stack(0x000000fb43b00000,0x000000fb43c00000)]
  0x000002d0db0d5800 JavaThread "Unconstrained build operations Thread 77" [_thread_blocked, id=11492, stack(0x000000fb43c00000,0x000000fb43d00000)]
  0x000002d0db0dc000 JavaThread "Unconstrained build operations Thread 78" [_thread_blocked, id=13448, stack(0x000000fb43d00000,0x000000fb43e00000)]
  0x000002d0db0dd800 JavaThread "Unconstrained build operations Thread 79" [_thread_blocked, id=26316, stack(0x000000fb43e00000,0x000000fb43f00000)]
  0x000002d0db0dd000 JavaThread "Unconstrained build operations Thread 80" [_thread_blocked, id=14380, stack(0x000000fb43f00000,0x000000fb44000000)]

Other Threads:
  0x000002d0d8dda000 VMThread "VM Thread" [stack: 0x000000fb3b300000,0x000000fb3b400000] [id=9324]
  0x000002d0d98c9800 WatcherThread [stack: 0x000000fb3bd00000,0x000000fb3be00000] [id=21916]
  0x000002d0b9d4d000 GCTaskThread "GC Thread#0" [stack: 0x000000fb3ae00000,0x000000fb3af00000] [id=9028]
  0x000002d0da3d3800 GCTaskThread "GC Thread#1" [stack: 0x000000fb3be00000,0x000000fb3bf00000] [id=19288]
  0x000002d0dad32800 GCTaskThread "GC Thread#2" [stack: 0x000000fb3c000000,0x000000fb3c100000] [id=15200]
  0x000002d0da8f7000 GCTaskThread "GC Thread#3" [stack: 0x000000fb3c100000,0x000000fb3c200000] [id=20184]
  0x000002d0dabce000 GCTaskThread "GC Thread#4" [stack: 0x000000fb3ce00000,0x000000fb3cf00000] [id=8024]
  0x000002d0dac11800 GCTaskThread "GC Thread#5" [stack: 0x000000fb3cf00000,0x000000fb3d000000] [id=23000]
  0x000002d0dbd51000 GCTaskThread "GC Thread#6" [stack: 0x000000fb3d000000,0x000000fb3d100000] [id=2552]
  0x000002d0db9c8000 GCTaskThread "GC Thread#7" [stack: 0x000000fb3d100000,0x000000fb3d200000] [id=1692]
  0x000002d0b9d80800 ConcurrentGCThread "G1 Main Marker" [stack: 0x000000fb3af00000,0x000000fb3b000000] [id=18588]
  0x000002d0b9d81800 ConcurrentGCThread "G1 Conc#0" [stack: 0x000000fb3b000000,0x000000fb3b100000] [id=6876]
  0x000002d0dacb7800 ConcurrentGCThread "G1 Conc#1" [stack: 0x000000fb3d300000,0x000000fb3d400000] [id=25028]
  0x000002d0b9de9000 ConcurrentGCThread "G1 Refine#0" [stack: 0x000000fb3b100000,0x000000fb3b200000] [id=8456]
  0x000002d0b9dea000 ConcurrentGCThread "G1 Young RemSet Sampling" [stack: 0x000000fb3b200000,0x000000fb3b300000] [id=16480]

Threads with active compile tasks:
C2 CompilerThread0   218097 8557       4       org.gradle.internal.instantiation.generator.AbstractClassGenerator::inspectType (560 bytes)

VM state:not at safepoint (normal execution)

VM Mutex/Monitor currently owned by a thread: None

Heap address: 0x0000000080000000, size: 2048 MB, Compressed Oops mode: 32-bit
Narrow klass base: 0x0000000000000000, Narrow klass shift: 3
Compressed class space size: 528482304 Address: 0x0000000100000000

Heap:
 garbage-first heap   total 95232K, used 65354K [0x0000000080000000, 0x0000000100000000)
  region size 1024K, 8 young (8192K), 2 survivors (2048K)
 Metaspace       used 73002K, capacity 75204K, committed 75344K, reserved 581632K
  class space    used 9494K, capacity 10397K, committed 10496K, reserved 516096K
Heap Regions: E=young(eden), S=young(survivor), O=old, HS=humongous(starts), HC=humongous(continues), CS=collection set, F=free, A=archive, TAMS=top-at-mark-start (previous, next)
|   0|0x0000000080000000, 0x0000000080100000, 0x0000000080100000|100%| O|  |TAMS 0x0000000080100000, 0x0000000080000000| Untracked 
|   1|0x0000000080100000, 0x0000000080200000, 0x0000000080200000|100%| O|  |TAMS 0x0000000080200000, 0x0000000080100000| Untracked 
|   2|0x0000000080200000, 0x0000000080300000, 0x0000000080300000|100%| O|  |TAMS 0x0000000080300000, 0x0000000080200000| Untracked 
|   3|0x0000000080300000, 0x0000000080400000, 0x0000000080400000|100%|HS|  |TAMS 0x0000000080400000, 0x0000000080300000| Complete 
|   4|0x0000000080400000, 0x0000000080500000, 0x0000000080500000|100%|HC|  |TAMS 0x0000000080500000, 0x0000000080400000| Complete 
|   5|0x0000000080500000, 0x0000000080600000, 0x0000000080600000|100%|HC|  |TAMS 0x0000000080600000, 0x0000000080500000| Complete 
|   6|0x0000000080600000, 0x0000000080700000, 0x0000000080700000|100%| O|  |TAMS 0x0000000080700000, 0x0000000080600000| Untracked 
|   7|0x0000000080700000, 0x0000000080800000, 0x0000000080800000|100%| O|  |TAMS 0x0000000080800000, 0x0000000080700000| Untracked 
|   8|0x0000000080800000, 0x0000000080900000, 0x0000000080900000|100%| O|  |TAMS 0x0000000080900000, 0x0000000080800000| Untracked 
|   9|0x0000000080900000, 0x0000000080a00000, 0x0000000080a00000|100%| O|  |TAMS 0x0000000080a00000, 0x0000000080900000| Untracked 
|  10|0x0000000080a00000, 0x0000000080b00000, 0x0000000080b00000|100%| O|  |TAMS 0x0000000080b00000, 0x0000000080a00000| Untracked 
|  11|0x0000000080b00000, 0x0000000080c00000, 0x0000000080c00000|100%| O|  |TAMS 0x0000000080c00000, 0x0000000080b00000| Untracked 
|  12|0x0000000080c00000, 0x0000000080d00000, 0x0000000080d00000|100%| O|  |TAMS 0x0000000080d00000, 0x0000000080c00000| Untracked 
|  13|0x0000000080d00000, 0x0000000080e00000, 0x0000000080e00000|100%| O|  |TAMS 0x0000000080e00000, 0x0000000080d00000| Untracked 
|  14|0x0000000080e00000, 0x0000000080f00000, 0x0000000080f00000|100%| O|  |TAMS 0x0000000080f00000, 0x0000000080e00000| Untracked 
|  15|0x0000000080f00000, 0x0000000081000000, 0x0000000081000000|100%| O|  |TAMS 0x0000000081000000, 0x0000000080f00000| Untracked 
|  16|0x0000000081000000, 0x0000000081100000, 0x0000000081100000|100%| O|  |TAMS 0x0000000081100000, 0x0000000081000000| Untracked 
|  17|0x0000000081100000, 0x0000000081200000, 0x0000000081200000|100%| O|  |TAMS 0x0000000081200000, 0x0000000081100000| Untracked 
|  18|0x0000000081200000, 0x0000000081300000, 0x0000000081300000|100%| O|  |TAMS 0x0000000081300000, 0x0000000081200000| Untracked 
|  19|0x0000000081300000, 0x0000000081400000, 0x0000000081400000|100%| O|  |TAMS 0x0000000081400000, 0x0000000081300000| Untracked 
|  20|0x0000000081400000, 0x0000000081500000, 0x0000000081500000|100%| O|  |TAMS 0x0000000081500000, 0x0000000081400000| Untracked 
|  21|0x0000000081500000, 0x0000000081600000, 0x0000000081600000|100%| O|  |TAMS 0x0000000081600000, 0x0000000081500000| Untracked 
|  22|0x0000000081600000, 0x0000000081700000, 0x0000000081700000|100%| O|  |TAMS 0x0000000081700000, 0x0000000081600000| Untracked 
|  23|0x0000000081700000, 0x0000000081800000, 0x0000000081800000|100%| O|  |TAMS 0x0000000081800000, 0x0000000081700000| Untracked 
|  24|0x0000000081800000, 0x0000000081900000, 0x0000000081900000|100%| O|  |TAMS 0x0000000081900000, 0x0000000081800000| Untracked 
|  25|0x0000000081900000, 0x0000000081a00000, 0x0000000081a00000|100%| O|  |TAMS 0x0000000081a00000, 0x0000000081900000| Untracked 
|  26|0x0000000081a00000, 0x0000000081b00000, 0x0000000081b00000|100%| O|  |TAMS 0x0000000081b00000, 0x0000000081a00000| Untracked 
|  27|0x0000000081b00000, 0x0000000081c00000, 0x0000000081c00000|100%| O|  |TAMS 0x0000000081c00000, 0x0000000081b00000| Untracked 
|  28|0x0000000081c00000, 0x0000000081d00000, 0x0000000081d00000|100%| O|  |TAMS 0x0000000081d00000, 0x0000000081c00000| Untracked 
|  29|0x0000000081d00000, 0x0000000081e00000, 0x0000000081e00000|100%| O|  |TAMS 0x0000000081e00000, 0x0000000081d00000| Untracked 
|  30|0x0000000081e00000, 0x0000000081f00000, 0x0000000081f00000|100%| O|  |TAMS 0x0000000081f00000, 0x0000000081e00000| Untracked 
|  31|0x0000000081f00000, 0x0000000082000000, 0x0000000082000000|100%| O|  |TAMS 0x0000000082000000, 0x0000000081f00000| Untracked 
|  32|0x0000000082000000, 0x0000000082100000, 0x0000000082100000|100%| O|  |TAMS 0x0000000082100000, 0x0000000082000000| Untracked 
|  33|0x0000000082100000, 0x0000000082200000, 0x0000000082200000|100%|HS|  |TAMS 0x0000000082200000, 0x0000000082100000| Complete 
|  34|0x0000000082200000, 0x0000000082300000, 0x0000000082300000|100%|HS|  |TAMS 0x0000000082300000, 0x0000000082200000| Complete 
|  35|0x0000000082300000, 0x0000000082400000, 0x0000000082400000|100%|HC|  |TAMS 0x0000000082400000, 0x0000000082300000| Complete 
|  36|0x0000000082400000, 0x0000000082500000, 0x0000000082500000|100%|HC|  |TAMS 0x0000000082500000, 0x0000000082400000| Complete 
|  37|0x0000000082500000, 0x0000000082600000, 0x0000000082600000|100%| O|  |TAMS 0x0000000082600000, 0x0000000082500000| Untracked 
|  38|0x0000000082600000, 0x0000000082700000, 0x0000000082700000|100%| O|  |TAMS 0x0000000082700000, 0x0000000082600000| Untracked 
|  39|0x0000000082700000, 0x0000000082800000, 0x0000000082800000|100%| O|  |TAMS 0x0000000082800000, 0x0000000082700000| Untracked 
|  40|0x0000000082800000, 0x0000000082900000, 0x0000000082900000|100%| O|  |TAMS 0x0000000082900000, 0x0000000082800000| Untracked 
|  41|0x0000000082900000, 0x0000000082a00000, 0x0000000082a00000|100%| O|  |TAMS 0x0000000082a00000, 0x0000000082900000| Untracked 
|  42|0x0000000082a00000, 0x0000000082b00000, 0x0000000082b00000|100%| O|  |TAMS 0x0000000082b00000, 0x0000000082a00000| Untracked 
|  43|0x0000000082b00000, 0x0000000082c00000, 0x0000000082c00000|100%| O|  |TAMS 0x0000000082c00000, 0x0000000082b00000| Untracked 
|  44|0x0000000082c00000, 0x0000000082d00000, 0x0000000082d00000|100%| O|  |TAMS 0x0000000082d00000, 0x0000000082c00000| Untracked 
|  45|0x0000000082d00000, 0x0000000082e00000, 0x0000000082e00000|100%| O|  |TAMS 0x0000000082e00000, 0x0000000082d00000| Untracked 
|  46|0x0000000082e00000, 0x0000000082f00000, 0x0000000082f00000|100%| O|  |TAMS 0x0000000082f00000, 0x0000000082e00000| Untracked 
|  47|0x0000000082f00000, 0x0000000083000000, 0x0000000083000000|100%| O|  |TAMS 0x0000000083000000, 0x0000000082f00000| Untracked 
|  48|0x0000000083000000, 0x0000000083100000, 0x0000000083100000|100%| O|  |TAMS 0x0000000083100000, 0x0000000083000000| Untracked 
|  49|0x0000000083100000, 0x0000000083200000, 0x0000000083200000|100%| O|  |TAMS 0x0000000083200000, 0x0000000083100000| Untracked 
|  50|0x0000000083200000, 0x0000000083300000, 0x0000000083300000|100%| O|  |TAMS 0x0000000083300000, 0x0000000083200000| Untracked 
|  51|0x0000000083300000, 0x0000000083400000, 0x0000000083400000|100%| O|  |TAMS 0x0000000083400000, 0x0000000083300000| Untracked 
|  52|0x0000000083400000, 0x0000000083500000, 0x0000000083500000|100%| O|  |TAMS 0x0000000083500000, 0x0000000083400000| Untracked 
|  53|0x0000000083500000, 0x0000000083600000, 0x0000000083600000|100%| O|  |TAMS 0x00000000835c3800, 0x0000000083500000| Untracked 
|  54|0x0000000083600000, 0x0000000083700000, 0x0000000083700000|100%|HS|  |TAMS 0x0000000083600000, 0x0000000083600000| Complete 
|  55|0x0000000083700000, 0x0000000083800000, 0x0000000083800000|100%|HS|  |TAMS 0x0000000083700000, 0x0000000083700000| Complete 
|  56|0x0000000083800000, 0x00000000838d2a00, 0x0000000083900000| 82%| O|  |TAMS 0x0000000083800000, 0x0000000083800000| Untracked 
|  57|0x0000000083900000, 0x0000000083900000, 0x0000000083a00000|  0%| F|  |TAMS 0x0000000083900000, 0x0000000083900000| Untracked 
|  58|0x0000000083a00000, 0x0000000083a00000, 0x0000000083b00000|  0%| F|  |TAMS 0x0000000083a00000, 0x0000000083a00000| Untracked 
|  59|0x0000000083b00000, 0x0000000083b00000, 0x0000000083c00000|  0%| F|  |TAMS 0x0000000083b00000, 0x0000000083b00000| Untracked 
|  60|0x0000000083c00000, 0x0000000083c00000, 0x0000000083d00000|  0%| F|  |TAMS 0x0000000083c00000, 0x0000000083c00000| Untracked 
|  61|0x0000000083d00000, 0x0000000083d00000, 0x0000000083e00000|  0%| F|  |TAMS 0x0000000083d00000, 0x0000000083d00000| Untracked 
|  62|0x0000000083e00000, 0x0000000083e00000, 0x0000000083f00000|  0%| F|  |TAMS 0x0000000083e00000, 0x0000000083e00000| Untracked 
|  63|0x0000000083f00000, 0x0000000083f00000, 0x0000000084000000|  0%| F|  |TAMS 0x0000000083f00000, 0x0000000083f00000| Untracked 
|  64|0x0000000084000000, 0x0000000084000000, 0x0000000084100000|  0%| F|  |TAMS 0x0000000084000000, 0x0000000084000000| Untracked 
|  65|0x0000000084100000, 0x0000000084100000, 0x0000000084200000|  0%| F|  |TAMS 0x0000000084100000, 0x0000000084100000| Untracked 
|  66|0x0000000084200000, 0x0000000084200000, 0x0000000084300000|  0%| F|  |TAMS 0x0000000084200000, 0x0000000084200000| Untracked 
|  67|0x0000000084300000, 0x0000000084300000, 0x0000000084400000|  0%| F|  |TAMS 0x0000000084300000, 0x0000000084300000| Untracked 
|  68|0x0000000084400000, 0x0000000084400000, 0x0000000084500000|  0%| F|  |TAMS 0x0000000084400000, 0x0000000084400000| Untracked 
|  69|0x0000000084500000, 0x0000000084500000, 0x0000000084600000|  0%| F|  |TAMS 0x0000000084500000, 0x0000000084500000| Untracked 
|  70|0x0000000084600000, 0x0000000084600000, 0x0000000084700000|  0%| F|  |TAMS 0x0000000084600000, 0x0000000084600000| Untracked 
|  71|0x0000000084700000, 0x0000000084700000, 0x0000000084800000|  0%| F|  |TAMS 0x0000000084700000, 0x0000000084700000| Untracked 
|  72|0x0000000084800000, 0x0000000084800000, 0x0000000084900000|  0%| F|  |TAMS 0x0000000084800000, 0x0000000084800000| Untracked 
|  73|0x0000000084900000, 0x0000000084900000, 0x0000000084a00000|  0%| F|  |TAMS 0x0000000084900000, 0x0000000084900000| Untracked 
|  74|0x0000000084a00000, 0x0000000084a00000, 0x0000000084b00000|  0%| F|  |TAMS 0x0000000084a00000, 0x0000000084a00000| Untracked 
|  75|0x0000000084b00000, 0x0000000084b00000, 0x0000000084c00000|  0%| F|  |TAMS 0x0000000084b00000, 0x0000000084b00000| Untracked 
|  76|0x0000000084c00000, 0x0000000084d00000, 0x0000000084d00000|100%| S|CS|TAMS 0x0000000084c00000, 0x0000000084c00000| Complete 
|  77|0x0000000084d00000, 0x0000000084e00000, 0x0000000084e00000|100%| S|CS|TAMS 0x0000000084d00000, 0x0000000084d00000| Complete 
|  78|0x0000000084e00000, 0x0000000084e00000, 0x0000000084f00000|  0%| F|  |TAMS 0x0000000084e00000, 0x0000000084e00000| Untracked 
|  79|0x0000000084f00000, 0x0000000084f00000, 0x0000000085000000|  0%| F|  |TAMS 0x0000000084f00000, 0x0000000084f00000| Untracked 
|  80|0x0000000085000000, 0x0000000085000000, 0x0000000085100000|  0%| F|  |TAMS 0x0000000085000000, 0x0000000085000000| Untracked 
|  81|0x0000000085100000, 0x0000000085100000, 0x0000000085200000|  0%| F|  |TAMS 0x0000000085100000, 0x0000000085100000| Untracked 
|  82|0x0000000085200000, 0x0000000085200000, 0x0000000085300000|  0%| F|  |TAMS 0x0000000085200000, 0x0000000085200000| Untracked 
|  83|0x0000000085300000, 0x0000000085300000, 0x0000000085400000|  0%| F|  |TAMS 0x0000000085300000, 0x0000000085300000| Untracked 
|  84|0x0000000085400000, 0x0000000085400000, 0x0000000085500000|  0%| F|  |TAMS 0x0000000085400000, 0x0000000085400000| Untracked 
|  85|0x0000000085500000, 0x0000000085500000, 0x0000000085600000|  0%| F|  |TAMS 0x0000000085500000, 0x0000000085500000| Untracked 
|  86|0x0000000085600000, 0x0000000085600000, 0x0000000085700000|  0%| F|  |TAMS 0x0000000085600000, 0x0000000085600000| Untracked 
|  87|0x0000000085700000, 0x0000000085759760, 0x0000000085800000| 34%| E|  |TAMS 0x0000000085700000, 0x0000000085700000| Complete 
|  88|0x0000000085800000, 0x0000000085900000, 0x0000000085900000|100%| E|CS|TAMS 0x0000000085800000, 0x0000000085800000| Complete 
|  89|0x0000000085900000, 0x0000000085a00000, 0x0000000085a00000|100%| E|CS|TAMS 0x0000000085900000, 0x0000000085900000| Complete 
|  90|0x0000000085a00000, 0x0000000085b00000, 0x0000000085b00000|100%| E|CS|TAMS 0x0000000085a00000, 0x0000000085a00000| Complete 
|  91|0x0000000085b00000, 0x0000000085c00000, 0x0000000085c00000|100%| E|CS|TAMS 0x0000000085b00000, 0x0000000085b00000| Complete 
|  92|0x0000000085c00000, 0x0000000085d00000, 0x0000000085d00000|100%| E|CS|TAMS 0x0000000085c00000, 0x0000000085c00000| Complete 

Card table byte_map: [0x000002d0d1bf0000,0x000002d0d1ff0000] _byte_map_base: 0x000002d0d17f0000

Marking Bits (Prev, Next): (CMBitMap*) 0x000002d0b9d77da8, (CMBitMap*) 0x000002d0b9d77de0
 Prev Bits: [0x000002d0d23f0000, 0x000002d0d43f0000)
 Next Bits: [0x000002d0d43f0000, 0x000002d0d63f0000)

Polling page: 0x000002d0b7c50000

Metaspace:

Usage:
  Non-class:     63.29 MB capacity,    62.02 MB ( 98%) used,     1.04 MB (  2%) free+waste,   230.31 KB ( <1%) overhead. 
      Class:     10.15 MB capacity,     9.27 MB ( 91%) used,   791.13 KB (  8%) free+waste,   110.25 KB (  1%) overhead. 
       Both:     73.44 MB capacity,    71.30 MB ( 97%) used,     1.81 MB (  2%) free+waste,   340.56 KB ( <1%) overhead. 

Virtual space:
  Non-class space:       64.00 MB reserved,      63.33 MB ( 99%) committed 
      Class space:      504.00 MB reserved,      10.25 MB (  2%) committed 
             Both:      568.00 MB reserved,      73.58 MB ( 13%) committed 

Chunk freelists:
   Non-Class:  41.00 KB
       Class:  3.00 KB
        Both:  44.00 KB

MaxMetaspaceSize: 512.00 MB
CompressedClassSpaceSize: 504.00 MB
Initial GC threshold: 20.80 MB
Current GC threshold: 119.51 MB
CDS: off

CodeHeap 'non-profiled nmethods': size=120000Kb used=4501Kb max_used=4501Kb free=115498Kb
 bounds [0x000002d0c9f80000, 0x000002d0ca3f0000, 0x000002d0d14b0000]
CodeHeap 'profiled nmethods': size=120000Kb used=18091Kb max_used=18091Kb free=101908Kb
 bounds [0x000002d0c2a50000, 0x000002d0c3c00000, 0x000002d0c9f80000]
CodeHeap 'non-nmethods': size=5760Kb used=2359Kb max_used=2389Kb free=3400Kb
 bounds [0x000002d0c24b0000, 0x000002d0c2720000, 0x000002d0c2a50000]
 total_blobs=9369 nmethods=8491 adapters=790
 compilation: enabled
              stopped_count=0, restarted_count=0
 full_count=0

Compilation events (20 events):
Event: 217.909 Thread 0x000002d0d8e4b800 8567       1       org.gradle.internal.instantiation.generator.AsmBackedClassGenerator$ClassBuilderImpl::access$7100 (5 bytes)
Event: 217.909 Thread 0x000002d0d8e4b800 nmethod 8567 0x000002d0ca3e4790 code [0x000002d0ca3e4940, 0x000002d0ca3e49d8]
Event: 217.909 Thread 0x000002d0d8e4b800 8568       1       org.gradle.internal.instantiation.generator.AsmBackedClassGenerator$ClassBuilderImpl::access$7200 (5 bytes)
Event: 217.909 Thread 0x000002d0d8e4b800 nmethod 8568 0x000002d0ca3e4a90 code [0x000002d0ca3e4c40, 0x000002d0ca3e4cd8]
Event: 217.909 Thread 0x000002d0d8e4b800 8569       1       org.gradle.internal.instantiation.generator.AsmBackedClassGenerator$ClassBuilderImpl::access$3900 (5 bytes)
Event: 217.910 Thread 0x000002d0d8e4b800 nmethod 8569 0x000002d0ca3e4d90 code [0x000002d0ca3e4f40, 0x000002d0ca3e4fd8]
Event: 217.930 Thread 0x000002d0d8e4b800 8571       3       org.gradle.api.internal.provider.DefaultProperty::calculateValueFrom (10 bytes)
Event: 217.930 Thread 0x000002d0d8e4b800 nmethod 8571 0x000002d0c3bef410 code [0x000002d0c3bef5e0, 0x000002d0c3bef988]
Event: 217.930 Thread 0x000002d0d8e4b800 8572       3       org.gradle.api.internal.provider.DefaultProperty::calculateValueFrom (8 bytes)
Event: 217.930 Thread 0x000002d0d8e4b800 nmethod 8572 0x000002d0c3befa90 code [0x000002d0c3befc40, 0x000002d0c3befe08]
Event: 217.931 Thread 0x000002d0d8e4b800 8573       3       org.gradle.internal.service.DefaultServiceRegistry$ManagedObjectServiceProvider::setInstance (18 bytes)
Event: 217.932 Thread 0x000002d0d8e4b800 nmethod 8573 0x000002d0c3beff10 code [0x000002d0c3bf00e0, 0x000002d0c3bf02a8]
Event: 217.932 Thread 0x000002d0d8e4b800 8574       3       org.gradle.api.internal.provider.AbstractProperty::getValidationDisplayName (16 bytes)
Event: 217.932 Thread 0x000002d0d8e4b800 nmethod 8574 0x000002d0c3bf0390 code [0x000002d0c3bf0540, 0x000002d0c3bf0698]
Event: 217.932 Thread 0x000002d0d8e4b800 8575       3       com.google.common.reflect.TypeCapture::<init> (5 bytes)
Event: 217.933 Thread 0x000002d0d8e4b800 nmethod 8575 0x000002d0c3bf0710 code [0x000002d0c3bf08c0, 0x000002d0c3bf0a18]
Event: 217.939 Thread 0x000002d0d8e4b800 8576       3       com.google.common.collect.MapMakerInternalMap$StrongKeyWeakValueEntry$Helper::copy (17 bytes)
Event: 217.940 Thread 0x000002d0d8e4b800 nmethod 8576 0x000002d0c3bf0b10 code [0x000002d0c3bf0d20, 0x000002d0c3bf13f8]
Event: 217.940 Thread 0x000002d0d8e4b800 8577       3       com.google.common.collect.MapMakerInternalMap$WeakValueReferenceImpl::copyFor (14 bytes)
Event: 217.941 Thread 0x000002d0d8e4b800 nmethod 8577 0x000002d0c3bf1610 code [0x000002d0c3bf1800, 0x000002d0c3bf1cf8]

GC Heap History (20 events):
Event: 202.438 GC heap before
{Heap before GC invocations=51 (full 0):
 garbage-first heap   total 65536K, used 54725K [0x0000000080000000, 0x0000000100000000)
  region size 1024K, 10 young (10240K), 2 survivors (2048K)
 Metaspace       used 64571K, capacity 66471K, committed 66640K, reserved 575488K
  class space    used 8391K, capacity 9194K, committed 9216K, reserved 516096K
}
Event: 202.449 GC heap after
{Heap after GC invocations=52 (full 0):
 garbage-first heap   total 78848K, used 46958K [0x0000000080000000, 0x0000000100000000)
  region size 1024K, 2 young (2048K), 2 survivors (2048K)
 Metaspace       used 64571K, capacity 66471K, committed 66640K, reserved 575488K
  class space    used 8391K, capacity 9194K, committed 9216K, reserved 516096K
}
Event: 202.826 GC heap before
{Heap before GC invocations=53 (full 0):
 garbage-first heap   total 78848K, used 60270K [0x0000000080000000, 0x0000000100000000)
  region size 1024K, 15 young (15360K), 2 survivors (2048K)
 Metaspace       used 65310K, capacity 67194K, committed 67280K, reserved 575488K
  class space    used 8516K, capacity 9306K, committed 9344K, reserved 516096K
}
Event: 202.833 GC heap after
{Heap after GC invocations=54 (full 0):
 garbage-first heap   total 78848K, used 47881K [0x0000000080000000, 0x0000000100000000)
  region size 1024K, 2 young (2048K), 2 survivors (2048K)
 Metaspace       used 65310K, capacity 67194K, committed 67280K, reserved 575488K
  class space    used 8516K, capacity 9306K, committed 9344K, reserved 516096K
}
Event: 203.459 GC heap before
{Heap before GC invocations=54 (full 0):
 garbage-first heap   total 78848K, used 61193K [0x0000000080000000, 0x0000000100000000)
  region size 1024K, 15 young (15360K), 2 survivors (2048K)
 Metaspace       used 66113K, capacity 68062K, committed 68176K, reserved 575488K
  class space    used 8631K, capacity 9420K, committed 9472K, reserved 516096K
}
Event: 203.467 GC heap after
{Heap after GC invocations=55 (full 0):
 garbage-first heap   total 78848K, used 48779K [0x0000000080000000, 0x0000000100000000)
  region size 1024K, 2 young (2048K), 2 survivors (2048K)
 Metaspace       used 66113K, capacity 68062K, committed 68176K, reserved 575488K
  class space    used 8631K, capacity 9420K, committed 9472K, reserved 516096K
}
Event: 205.874 GC heap before
{Heap before GC invocations=56 (full 0):
 garbage-first heap   total 78848K, used 62091K [0x0000000080000000, 0x0000000100000000)
  region size 1024K, 15 young (15360K), 2 survivors (2048K)
 Metaspace       used 66936K, capacity 68950K, committed 69072K, reserved 577536K
  class space    used 8707K, capacity 9515K, committed 9600K, reserved 516096K
}
Event: 205.884 GC heap after
{Heap after GC invocations=57 (full 0):
 garbage-first heap   total 78848K, used 49773K [0x0000000080000000, 0x0000000100000000)
  region size 1024K, 2 young (2048K), 2 survivors (2048K)
 Metaspace       used 66936K, capacity 68950K, committed 69072K, reserved 577536K
  class space    used 8707K, capacity 9515K, committed 9600K, reserved 516096K
}
Event: 208.357 GC heap before
{Heap before GC invocations=57 (full 0):
 garbage-first heap   total 78848K, used 63085K [0x0000000080000000, 0x0000000100000000)
  region size 1024K, 15 young (15360K), 2 survivors (2048K)
 Metaspace       used 67853K, capacity 69858K, committed 69968K, reserved 577536K
  class space    used 8859K, capacity 9691K, committed 9728K, reserved 516096K
}
Event: 208.376 GC heap after
{Heap after GC invocations=58 (full 0):
 garbage-first heap   total 95232K, used 50849K [0x0000000080000000, 0x0000000100000000)
  region size 1024K, 2 young (2048K), 2 survivors (2048K)
 Metaspace       used 67853K, capacity 69858K, committed 69968K, reserved 577536K
  class space    used 8859K, capacity 9691K, committed 9728K, reserved 516096K
}
Event: 209.726 GC heap before
{Heap before GC invocations=59 (full 0):
 garbage-first heap   total 95232K, used 69281K [0x0000000080000000, 0x0000000100000000)
  region size 1024K, 21 young (21504K), 2 survivors (2048K)
 Metaspace       used 69246K, capacity 71288K, committed 71504K, reserved 579584K
  class space    used 9036K, capacity 9888K, committed 9984K, reserved 516096K
}
Event: 209.730 GC heap after
{Heap after GC invocations=60 (full 0):
 garbage-first heap   total 95232K, used 51556K [0x0000000080000000, 0x0000000100000000)
  region size 1024K, 2 young (2048K), 2 survivors (2048K)
 Metaspace       used 69246K, capacity 71288K, committed 71504K, reserved 579584K
  class space    used 9036K, capacity 9888K, committed 9984K, reserved 516096K
}
Event: 212.000 GC heap before
{Heap before GC invocations=60 (full 0):
 garbage-first heap   total 95232K, used 71012K [0x0000000080000000, 0x0000000100000000)
  region size 1024K, 22 young (22528K), 2 survivors (2048K)
 Metaspace       used 70731K, capacity 72855K, committed 73168K, reserved 579584K
  class space    used 9211K, capacity 10045K, committed 10112K, reserved 516096K
}
Event: 212.013 GC heap after
{Heap after GC invocations=61 (full 0):
 garbage-first heap   total 95232K, used 53240K [0x0000000080000000, 0x0000000100000000)
  region size 1024K, 3 young (3072K), 3 survivors (3072K)
 Metaspace       used 70731K, capacity 72855K, committed 73168K, reserved 579584K
  class space    used 9211K, capacity 10045K, committed 10112K, reserved 516096K
}
Event: 216.498 GC heap before
{Heap before GC invocations=62 (full 0):
 garbage-first heap   total 95232K, used 71672K [0x0000000080000000, 0x0000000100000000)
  region size 1024K, 22 young (22528K), 3 survivors (3072K)
 Metaspace       used 71012K, capacity 73141K, committed 73168K, reserved 579584K
  class space    used 9238K, capacity 10095K, committed 10112K, reserved 516096K
}
Event: 216.532 GC heap after
{Heap after GC invocations=63 (full 0):
 garbage-first heap   total 95232K, used 55103K [0x0000000080000000, 0x0000000100000000)
  region size 1024K, 2 young (2048K), 2 survivors (2048K)
 Metaspace       used 71012K, capacity 73141K, committed 73168K, reserved 579584K
  class space    used 9238K, capacity 10095K, committed 10112K, reserved 516096K
}
Event: 216.611 GC heap before
{Heap before GC invocations=63 (full 0):
 garbage-first heap   total 95232K, used 55103K [0x0000000080000000, 0x0000000100000000)
  region size 1024K, 3 young (3072K), 2 survivors (2048K)
 Metaspace       used 71032K, capacity 73157K, committed 73424K, reserved 579584K
  class space    used 9241K, capacity 10098K, committed 10112K, reserved 516096K
}
Event: 216.623 GC heap after
{Heap after GC invocations=64 (full 0):
 garbage-first heap   total 95232K, used 55520K [0x0000000080000000, 0x0000000100000000)
  region size 1024K, 1 young (1024K), 1 survivors (1024K)
 Metaspace       used 71032K, capacity 73157K, committed 73424K, reserved 579584K
  class space    used 9241K, capacity 10098K, committed 10112K, reserved 516096K
}
Event: 217.760 GC heap before
{Heap before GC invocations=65 (full 0):
 garbage-first heap   total 95232K, used 70880K [0x0000000080000000, 0x0000000100000000)
  region size 1024K, 15 young (15360K), 1 survivors (1024K)
 Metaspace       used 72398K, capacity 74581K, committed 74704K, reserved 581632K
  class space    used 9412K, capacity 10298K, committed 10368K, reserved 516096K
}
Event: 217.764 GC heap after
{Heap after GC invocations=66 (full 0):
 garbage-first heap   total 95232K, used 60234K [0x0000000080000000, 0x0000000100000000)
  region size 1024K, 2 young (2048K), 2 survivors (2048K)
 Metaspace       used 72398K, capacity 74581K, committed 74704K, reserved 581632K
  class space    used 9412K, capacity 10298K, committed 10368K, reserved 516096K
}

Deoptimization events (20 events):
Event: 212.297 Thread 0x000002d0e07c9000 DEOPT PACKING pc=0x000002d0ca17f3d4 sp=0x000000fb408fcff0
Event: 212.297 Thread 0x000002d0e07c9000 DEOPT UNPACKING pc=0x000002d0c24fa1af sp=0x000000fb408fcf40 mode 2
Event: 212.309 Thread 0x000002d0e02a3800 Uncommon trap: trap_request=0xffffffde fr.pc=0x000002d0ca14716c relative=0x00000000000009ec
Event: 212.309 Thread 0x000002d0e02a3800 Uncommon trap: reason=class_check action=maybe_recompile pc=0x000002d0ca14716c method=java.io.BufferedInputStream.read1([BII)I @ 39 c2
Event: 212.309 Thread 0x000002d0e02a3800 DEOPT PACKING pc=0x000002d0ca14716c sp=0x000000fb410fe090
Event: 212.309 Thread 0x000002d0e02a3800 DEOPT UNPACKING pc=0x000002d0c24fa1af sp=0x000000fb410fdfa8 mode 2
Event: 212.437 Thread 0x000002d0dc104000 DEOPT PACKING pc=0x000002d0c309b0cc sp=0x000000fb427fdd90
Event: 212.437 Thread 0x000002d0dc104000 DEOPT UNPACKING pc=0x000002d0c24fa95e sp=0x000000fb427fd330 mode 0
Event: 213.620 Thread 0x000002d0db28d800 Uncommon trap: trap_request=0xffffff4d fr.pc=0x000002d0ca21a5cc relative=0x00000000000001ec
Event: 213.621 Thread 0x000002d0db28d800 Uncommon trap: reason=unstable_if action=reinterpret pc=0x000002d0ca21a5cc method=java.util.concurrent.locks.ReentrantLock$Sync.nonfairTryAcquire(I)Z @ 19 c2
Event: 213.621 Thread 0x000002d0db28d800 DEOPT PACKING pc=0x000002d0ca21a5cc sp=0x000000fb3dffe900
Event: 213.621 Thread 0x000002d0db28d800 DEOPT UNPACKING pc=0x000002d0c24fa1af sp=0x000000fb3dffe778 mode 2
Event: 216.390 Thread 0x000002d0dbd50000 DEOPT PACKING pc=0x000002d0c3421171 sp=0x000000fb3c7f94b0
Event: 216.390 Thread 0x000002d0dbd50000 DEOPT UNPACKING pc=0x000002d0c24fa95e sp=0x000000fb3c7f89a8 mode 0
Event: 216.416 Thread 0x000002d0dbd50000 Uncommon trap: trap_request=0xffffffc6 fr.pc=0x000002d0ca35f190 relative=0x0000000000003b50
Event: 216.416 Thread 0x000002d0dbd50000 Uncommon trap: reason=bimorphic_or_optimized_type_check action=maybe_recompile pc=0x000002d0ca35f190 method=java.util.AbstractCollection.addAll(Ljava/util/Collection;)Z @ 29 c2
Event: 216.416 Thread 0x000002d0dbd50000 DEOPT PACKING pc=0x000002d0ca35f190 sp=0x000000fb3c7fb800
Event: 216.416 Thread 0x000002d0dbd50000 DEOPT UNPACKING pc=0x000002d0c24fa1af sp=0x000000fb3c7fb800 mode 2
Event: 217.609 Thread 0x000002d0dbd50000 DEOPT PACKING pc=0x000002d0c3584156 sp=0x000000fb3c7f8060
Event: 217.609 Thread 0x000002d0dbd50000 DEOPT UNPACKING pc=0x000002d0c24fa95e sp=0x000000fb3c7f7628 mode 0

Classes redefined (0 events):
No events

Internal exceptions (20 events):
Event: 216.754 Thread 0x000002d0dbd50000 Exception <a 'java/security/PrivilegedActionException'{0x0000000085af9988}> (0x0000000085af9988) thrown at [./src/hotspot/share/prims/jvm.cpp, line 1306]
Event: 216.754 Thread 0x000002d0dbd50000 Exception <a 'java/security/PrivilegedActionException'{0x0000000085afaef0}> (0x0000000085afaef0) thrown at [./src/hotspot/share/prims/jvm.cpp, line 1306]
Event: 216.754 Thread 0x000002d0dbd50000 Exception <a 'java/security/PrivilegedActionException'{0x0000000085afe0a0}> (0x0000000085afe0a0) thrown at [./src/hotspot/share/prims/jvm.cpp, line 1306]
Event: 216.754 Thread 0x000002d0dbd50000 Exception <a 'java/security/PrivilegedActionException'{0x0000000085aff608}> (0x0000000085aff608) thrown at [./src/hotspot/share/prims/jvm.cpp, line 1306]
Event: 216.754 Thread 0x000002d0dbd50000 Exception <a 'java/security/PrivilegedActionException'{0x0000000085902d70}> (0x0000000085902d70) thrown at [./src/hotspot/share/prims/jvm.cpp, line 1306]
Event: 216.754 Thread 0x000002d0dbd50000 Exception <a 'java/security/PrivilegedActionException'{0x00000000859042d8}> (0x00000000859042d8) thrown at [./src/hotspot/share/prims/jvm.cpp, line 1306]
Event: 216.755 Thread 0x000002d0dbd50000 Exception <a 'java/security/PrivilegedActionException'{0x0000000085907430}> (0x0000000085907430) thrown at [./src/hotspot/share/prims/jvm.cpp, line 1306]
Event: 216.755 Thread 0x000002d0dbd50000 Exception <a 'java/security/PrivilegedActionException'{0x0000000085908998}> (0x0000000085908998) thrown at [./src/hotspot/share/prims/jvm.cpp, line 1306]
Event: 216.849 Thread 0x000002d0dbd50000 Exception <a 'java/security/PrivilegedActionException'{0x00000000859f6ee8}> (0x00000000859f6ee8) thrown at [./src/hotspot/share/prims/jvm.cpp, line 1306]
Event: 216.849 Thread 0x000002d0dbd50000 Exception <a 'java/security/PrivilegedActionException'{0x00000000859f8450}> (0x00000000859f8450) thrown at [./src/hotspot/share/prims/jvm.cpp, line 1306]
Event: 216.850 Thread 0x000002d0dbd50000 Exception <a 'java/security/PrivilegedActionException'{0x00000000859fb7f0}> (0x00000000859fb7f0) thrown at [./src/hotspot/share/prims/jvm.cpp, line 1306]
Event: 216.850 Thread 0x000002d0dbd50000 Exception <a 'java/security/PrivilegedActionException'{0x00000000859fcd58}> (0x00000000859fcd58) thrown at [./src/hotspot/share/prims/jvm.cpp, line 1306]
Event: 216.850 Thread 0x000002d0dbd50000 Exception <a 'java/security/PrivilegedActionException'{0x0000000085800230}> (0x0000000085800230) thrown at [./src/hotspot/share/prims/jvm.cpp, line 1306]
Event: 216.850 Thread 0x000002d0dbd50000 Exception <a 'java/security/PrivilegedActionException'{0x0000000085801a20}> (0x0000000085801a20) thrown at [./src/hotspot/share/prims/jvm.cpp, line 1306]
Event: 216.850 Thread 0x000002d0dbd50000 Exception <a 'java/security/PrivilegedActionException'{0x0000000085804b98}> (0x0000000085804b98) thrown at [./src/hotspot/share/prims/jvm.cpp, line 1306]
Event: 216.850 Thread 0x000002d0dbd50000 Exception <a 'java/security/PrivilegedActionException'{0x0000000085806100}> (0x0000000085806100) thrown at [./src/hotspot/share/prims/jvm.cpp, line 1306]
Event: 216.851 Thread 0x000002d0dbd50000 Exception <a 'java/security/PrivilegedActionException'{0x00000000858092b0}> (0x00000000858092b0) thrown at [./src/hotspot/share/prims/jvm.cpp, line 1306]
Event: 216.851 Thread 0x000002d0dbd50000 Exception <a 'java/security/PrivilegedActionException'{0x000000008580a818}> (0x000000008580a818) thrown at [./src/hotspot/share/prims/jvm.cpp, line 1306]
Event: 216.851 Thread 0x000002d0dbd50000 Exception <a 'java/security/PrivilegedActionException'{0x000000008580da40}> (0x000000008580da40) thrown at [./src/hotspot/share/prims/jvm.cpp, line 1306]
Event: 216.851 Thread 0x000002d0dbd50000 Exception <a 'java/security/PrivilegedActionException'{0x000000008580efa8}> (0x000000008580efa8) thrown at [./src/hotspot/share/prims/jvm.cpp, line 1306]

Events (20 events):
Event: 217.943 loading class com/google/common/collect/Iterators$9
Event: 217.943 loading class com/google/common/collect/Iterators$9 done
Event: 217.944 loading class com/google/common/collect/Iterators$ArrayItr
Event: 217.944 loading class com/google/common/collect/Iterators$ArrayItr done
Event: 217.946 loading class com/google/common/collect/Iterators$4
Event: 217.946 loading class com/google/common/collect/Iterators$4 done
Event: 217.952 loading class com/google/common/collect/Iterators$10
Event: 217.952 loading class com/google/common/collect/Iterators$10 done
Event: 217.954 loading class com/google/common/collect/PeekingIterator
Event: 217.954 loading class com/google/common/collect/PeekingIterator done
Event: 217.956 loading class com/google/common/collect/Iterators$MergingIterator
Event: 217.956 loading class com/google/common/collect/Iterators$MergingIterator done
Event: 217.958 loading class com/google/common/collect/Iterators$1
Event: 217.958 loading class com/google/common/collect/Iterators$1 done
Event: 217.959 loading class com/android/build/gradle/options/BooleanOption
Event: 217.959 loading class com/android/build/gradle/options/BooleanOption done
Event: 217.963 loading class com/android/build/gradle/options/ApiStage$Stable
Event: 217.963 loading class com/android/build/gradle/options/ApiStage$Stable done
Event: 217.964 loading class com/android/build/gradle/options/ApiStage
Event: 217.964 loading class com/android/build/gradle/options/ApiStage done


Dynamic libraries:
0x00007ff6504b0000 - 0x00007ff6504bd000 	C:\Program Files\Microsoft\jdk-11.0.18.10-hotspot\bin\java.exe
0x00007ffccffb0000 - 0x00007ffcd01a8000 	C:\Windows\SYSTEM32\ntdll.dll
0x00007ffcce630000 - 0x00007ffcce6ef000 	C:\Windows\System32\KERNEL32.DLL
0x00007ffccdb80000 - 0x00007ffccde76000 	C:\Windows\System32\KERNELBASE.dll
0x00007ffccd980000 - 0x00007ffccda80000 	C:\Windows\System32\ucrtbase.dll
0x00007ffcc90e0000 - 0x00007ffcc90f7000 	C:\Program Files\Microsoft\jdk-11.0.18.10-hotspot\bin\jli.dll
0x00007ffcc90c0000 - 0x00007ffcc90d5000 	C:\Program Files\Microsoft\jdk-11.0.18.10-hotspot\bin\VCRUNTIME140.dll
0x00007ffccf590000 - 0x00007ffccf72d000 	C:\Windows\System32\USER32.dll
0x00007ffccdfe0000 - 0x00007ffcce002000 	C:\Windows\System32\win32u.dll
0x00007ffccf960000 - 0x00007ffccf98c000 	C:\Windows\System32\GDI32.dll
0x00007ffccd690000 - 0x00007ffccd7a5000 	C:\Windows\System32\gdi32full.dll
0x00007ffccd820000 - 0x00007ffccd8bd000 	C:\Windows\System32\msvcp_win.dll
0x00007ffcbe730000 - 0x00007ffcbe9ca000 	C:\Windows\WinSxS\amd64_microsoft.windows.common-controls_6595b64144ccf1df_6.0.19041.1110_none_60b5254171f9507e\COMCTL32.dll
0x00007ffccfdf0000 - 0x00007ffccfe8e000 	C:\Windows\System32\msvcrt.dll
0x00007ffccfa60000 - 0x00007ffccfa90000 	C:\Windows\System32\IMM32.DLL
0x00007ffcb9b10000 - 0x00007ffcb9bab000 	C:\Program Files\Microsoft\jdk-11.0.18.10-hotspot\bin\msvcp140.dll
0x00007ffc70f60000 - 0x00007ffc71af2000 	C:\Program Files\Microsoft\jdk-11.0.18.10-hotspot\bin\server\jvm.dll
0x00007ffccf990000 - 0x00007ffccfa3f000 	C:\Windows\System32\ADVAPI32.dll
0x00007ffcce9e0000 - 0x00007ffccea7c000 	C:\Windows\System32\sechost.dll
0x00007ffcce820000 - 0x00007ffcce946000 	C:\Windows\System32\RPCRT4.dll
0x00007ffccff60000 - 0x00007ffccff68000 	C:\Windows\System32\PSAPI.DLL
0x00007ffcbf530000 - 0x00007ffcbf539000 	C:\Windows\SYSTEM32\WSOCK32.dll
0x00007ffccfef0000 - 0x00007ffccff5b000 	C:\Windows\System32\WS2_32.dll
0x00007ffcbdd70000 - 0x00007ffcbdd97000 	C:\Windows\SYSTEM32\WINMM.dll
0x00007ffcbe5f0000 - 0x00007ffcbe5fa000 	C:\Windows\SYSTEM32\VERSION.dll
0x00007ffccbed0000 - 0x00007ffccbee2000 	C:\Windows\SYSTEM32\kernel.appcore.dll
0x00007ffcbd970000 - 0x00007ffcbd980000 	C:\Program Files\Microsoft\jdk-11.0.18.10-hotspot\bin\verify.dll
0x00007ffccb440000 - 0x00007ffccb624000 	C:\Windows\SYSTEM32\DBGHELP.DLL
0x00007ffcbca00000 - 0x00007ffcbca34000 	C:\Windows\SYSTEM32\dbgcore.DLL
0x00007ffccd8c0000 - 0x00007ffccd942000 	C:\Windows\System32\bcryptPrimitives.dll
0x00007ffcb3350000 - 0x00007ffcb3378000 	C:\Program Files\Microsoft\jdk-11.0.18.10-hotspot\bin\java.dll
0x00007ffcbd960000 - 0x00007ffcbd96a000 	C:\Program Files\Microsoft\jdk-11.0.18.10-hotspot\bin\jimage.dll
0x00007ffcb3330000 - 0x00007ffcb3348000 	C:\Program Files\Microsoft\jdk-11.0.18.10-hotspot\bin\zip.dll
0x00007ffccea80000 - 0x00007ffccf1c4000 	C:\Windows\System32\SHELL32.dll
0x00007ffccb720000 - 0x00007ffccbeb3000 	C:\Windows\SYSTEM32\windows.storage.dll
0x00007ffccfa90000 - 0x00007ffccfde4000 	C:\Windows\System32\combase.dll
0x00007ffccd000000 - 0x00007ffccd02e000 	C:\Windows\SYSTEM32\Wldp.dll
0x00007ffccf8b0000 - 0x00007ffccf95d000 	C:\Windows\System32\SHCORE.dll
0x00007ffccf850000 - 0x00007ffccf8a5000 	C:\Windows\System32\shlwapi.dll
0x00007ffccd5d0000 - 0x00007ffccd5ef000 	C:\Windows\SYSTEM32\profapi.dll
0x00007ffcb3310000 - 0x00007ffcb3329000 	C:\Program Files\Microsoft\jdk-11.0.18.10-hotspot\bin\net.dll
0x00007ffcc3ea0000 - 0x00007ffcc3faa000 	C:\Windows\SYSTEM32\WINHTTP.dll
0x00007ffcccd60000 - 0x00007ffcccdca000 	C:\Windows\system32\mswsock.dll
0x00007ffcafc30000 - 0x00007ffcafc43000 	C:\Program Files\Microsoft\jdk-11.0.18.10-hotspot\bin\nio.dll
0x00007ffcafc00000 - 0x00007ffcafc27000 	C:\Users\HP\.gradle\native\e1d6ef7f7dcc3fd88c89a11ec53ec762bb8ba0a96d01ffa2cd45eb1d1d8dd5c5\windows-amd64\native-platform.dll
0x00007ffc88c50000 - 0x00007ffc88d94000 	C:\Users\HP\.gradle\native\0d407fdbe67a94daf76414ababcb853783967236a71b16ec16e742cd7a986fd3\windows-amd64\native-platform-file-events.dll
0x00007ffcb3300000 - 0x00007ffcb3309000 	C:\Program Files\Microsoft\jdk-11.0.18.10-hotspot\bin\management.dll
0x00007ffcb04d0000 - 0x00007ffcb04db000 	C:\Program Files\Microsoft\jdk-11.0.18.10-hotspot\bin\management_ext.dll
0x00007ffcccf60000 - 0x00007ffcccf78000 	C:\Windows\SYSTEM32\CRYPTSP.dll
0x00007ffccc680000 - 0x00007ffccc6b4000 	C:\Windows\system32\rsaenh.dll
0x00007ffccd950000 - 0x00007ffccd977000 	C:\Windows\System32\bcrypt.dll
0x00007ffccd590000 - 0x00007ffccd5be000 	C:\Windows\SYSTEM32\USERENV.dll
0x00007ffcccf50000 - 0x00007ffcccf5c000 	C:\Windows\SYSTEM32\CRYPTBASE.dll
0x00007ffccca50000 - 0x00007ffccca8c000 	C:\Windows\SYSTEM32\IPHLPAPI.DLL
0x00007ffcce810000 - 0x00007ffcce818000 	C:\Windows\System32\NSI.dll
0x00007ffcc4bd0000 - 0x00007ffcc4be7000 	C:\Windows\SYSTEM32\dhcpcsvc6.DLL
0x00007ffcc5210000 - 0x00007ffcc522d000 	C:\Windows\SYSTEM32\dhcpcsvc.DLL
0x00007ffccca90000 - 0x00007ffcccb5a000 	C:\Windows\SYSTEM32\DNSAPI.dll

dbghelp: loaded successfully - version: 4.0.5 - missing functions: none
symbol engine: initialized successfully - sym options: 0x614 - pdb path: .;C:\Program Files\Microsoft\jdk-11.0.18.10-hotspot\bin;C:\Windows\SYSTEM32;C:\Windows\WinSxS\amd64_microsoft.windows.common-controls_6595b64144ccf1df_6.0.19041.1110_none_60b5254171f9507e;C:\Program Files\Microsoft\jdk-11.0.18.10-hotspot\bin\server;C:\Users\HP\.gradle\native\e1d6ef7f7dcc3fd88c89a11ec53ec762bb8ba0a96d01ffa2cd45eb1d1d8dd5c5\windows-amd64;C:\Users\HP\.gradle\native\0d407fdbe67a94daf76414ababcb853783967236a71b16ec16e742cd7a986fd3\windows-amd64

VM Arguments:
jvm_args: -XX:MaxMetaspaceSize=512m --add-opens=java.base/java.util=ALL-UNNAMED --add-opens=java.base/java.lang=ALL-UNNAMED --add-opens=java.base/java.lang.invoke=ALL-UNNAMED --add-opens=java.base/java.util=ALL-UNNAMED --add-opens=java.prefs/java.util.prefs=ALL-UNNAMED --add-opens=java.prefs/java.util.prefs=ALL-UNNAMED --add-opens=java.base/java.nio.charset=ALL-UNNAMED --add-opens=java.base/java.net=ALL-UNNAMED --add-opens=java.base/java.util.concurrent.atomic=ALL-UNNAMED -Xmx2048m -Dfile.encoding=windows-1252 -Duser.country=US -Duser.language=en -Duser.variant 
java_command: org.gradle.launcher.daemon.bootstrap.GradleDaemon 7.5.1
java_class_path (initial): C:\Users\HP\.gradle\wrapper\dists\gradle-7.5.1-all\1ehga6e77gqps5uk2kc5kf1vc\gradle-7.5.1\lib\gradle-launcher-7.5.1.jar
Launcher Type: SUN_STANDARD

[Global flags]
     intx CICompilerCount                          = 4                                         {product} {ergonomic}
   size_t CompressedClassSpaceSize                 = 528482304                                 {product} {ergonomic}
     uint ConcGCThreads                            = 2                                         {product} {ergonomic}
     uint G1ConcRefinementThreads                  = 8                                         {product} {ergonomic}
   size_t G1HeapRegionSize                         = 1048576                                   {product} {ergonomic}
    uintx GCDrainStackTargetSize                   = 64                                        {product} {ergonomic}
   size_t InitialHeapSize                          = 67108864                                  {product} {ergonomic}
   size_t MarkStackSize                            = 4194304                                   {product} {ergonomic}
   size_t MaxHeapSize                              = 2147483648                                {product} {command line}
   size_t MaxMetaspaceSize                         = 536870912                                 {product} {command line}
   size_t MaxNewSize                               = 1287651328                                {product} {ergonomic}
   size_t MinHeapDeltaBytes                        = 1048576                                   {product} {ergonomic}
    uintx NonNMethodCodeHeapSize                   = 5836300                                {pd product} {ergonomic}
    uintx NonProfiledCodeHeapSize                  = 122910970                              {pd product} {ergonomic}
    uintx ProfiledCodeHeapSize                     = 122910970                              {pd product} {ergonomic}
    uintx ReservedCodeCacheSize                    = 251658240                              {pd product} {ergonomic}
     bool SegmentedCodeCache                       = true                                      {product} {ergonomic}
     bool UseCompressedClassPointers               = true                                 {lp64_product} {ergonomic}
     bool UseCompressedOops                        = true                                 {lp64_product} {ergonomic}
     bool UseG1GC                                  = true                                      {product} {ergonomic}
     bool UseLargePagesIndividualAllocation        = false                                  {pd product} {ergonomic}

Logging:
Log output configuration:
 #0: stdout all=warning uptime,level,tags
 #1: stderr all=off uptime,level,tags

Environment Variables:
JAVA_HOME=C:\Program Files\Microsoft\jdk-11.0.18.10-hotspot\
CLASSPATH=F:\HOTCAT Technologies\REACT NATIVE\adiya-mobile-app\android\\gradle\wrapper\gradle-wrapper.jar
PATH=F:\HOTCAT Technologies\REACT NATIVE\adiya-mobile-app\android\node_modules\.bin;F:\HOTCAT Technologies\REACT NATIVE\adiya-mobile-app\node_modules\.bin;F:\HOTCAT Technologies\REACT NATIVE\node_modules\.bin;F:\HOTCAT Technologies\node_modules\.bin;F:\node_modules\.bin;C:\Program Files\nodejs;F:\HOTCAT Technologies\REACT NATIVE\adiya-mobile-app\node_modules\.bin;F:\HOTCAT Technologies\REACT NATIVE\adiya-mobile-app\node_modules\.bin;F:\HOTCAT Technologies\REACT NATIVE\node_modules\.bin;F:\HOTCAT Technologies\node_modules\.bin;F:\node_modules\.bin;C:\Program Files\nodejs\node_modules\npm\node_modules\@npmcli\run-script\lib\node-gyp-bin;F:\HOTCAT Technologies\REACT NATIVE\adiya-mobile-app\node_modules\.bin;F:\HOTCAT Technologies\REACT NATIVE\node_modules\.bin;F:\HOTCAT Technologies\node_modules\.bin;F:\node_modules\.bin;C:\Program Files\nodejs;F:\HOTCAT Technologies\REACT NATIVE\adiya-mobile-app\node_modules\react-native\scripts\node_modules\.bin;F:\HOTCAT Technologies\REACT NATIVE\adiya-mobile-app\node_modules\react-native\node_modules\.bin;F:\HOTCAT Technologies\REACT NATIVE\adiya-mobile-app\node_modules\node_modules\.bin;F:\HOTCAT Technologies\REACT NATIVE\adiya-mobile-app\node_modules\.bin;F:\HOTCAT Technologies\REACT NATIVE\node_modules\.bin;F:\HOTCAT Technologies\node_modules\.bin;F:\node_modules\.bin;C:\Program Files\nodejs;F:\HOTCAT Technologies\REACT NATIVE\adiya-mobile-app\node_modules\.bin;F:\HOTCAT Technologies\REACT NATIVE\adiya-mobile-app\node_modules\.bin;F:\HOTCAT Technologies\REACT NATIVE\node_modules\.bin;F:\HOTCAT Technologies\node_modules\.bin;F:\node_modules\.bin;C:\Program Files\nodejs\node_modules\npm\node_modules\@npmcli\run-script\lib\node-gyp-bin;C:\Program Files\Microsoft\jdk-11.0.18.10-hotspot\bin;C:\Program Files\Common Files\Oracle\Java\javapath;C:\Python311\Scripts\;C:\Python311\;C:\Windows\system32;C:\Windows;C:\Windows\System32\Wbem;C:\Windows\System32\WindowsPowerShell\v1.0\;C:\Windows\System32\OpenSSH\;C:\Program Files\nodejs\;C:\Progra
USERNAME=HP
OS=Windows_NT
PROCESSOR_IDENTIFIER=Intel64 Family 6 Model 142 Stepping 10, GenuineIntel
TMP=C:\Users\HP\AppData\Local\Temp
TEMP=C:\Users\HP\AppData\Local\Temp



---------------  S Y S T E M  ---------------

OS: Windows 10 , 64 bit Build 19041 (10.0.19041.3031)
OS uptime: 24 days 21:36 hours

CPU:total 8 (initial active 8) (4 cores per cpu, 2 threads per core) family 6 model 142 stepping 10 microcode 0xb4, cmov, cx8, fxsr, mmx, sse, sse2, sse3, ssse3, sse4.1, sse4.2, popcnt, avx, avx2, aes, clmul, erms, 3dnowpref, lzcnt, ht, tsc, tscinvbit, bmi1, bmi2, adx, fma

Memory: 4k page, system-wide physical 4011M (131M free)
TotalPageFile size 16299M (AvailPageFile size 36M)
current process WorkingSet (physical memory assigned to process): 203M, peak: 208M
current process commit charge ("private bytes"): 333M, peak: 334M

vm_info: OpenJDK 64-Bit Server VM (11.0.18+10-LTS) for windows-amd64 JRE (11.0.18+10-LTS), built on Jan 18 2023 15:56:47 by "MicrosoftCorporation" with MS VC++ 15.9 (VS2017)

END.
